# JRE version: Java(TM) SE Runtime Environment (8.0_77-b03) (build 1.8.0_77-b03)
# Java VM: Java HotSpot(TM) 64-Bit Server VM (25.77-b03 mixed mode windows-amd64 compressed oops)
Heap:
 PSYoungGen      total 38400K, used 37381K [0x00000000d5d00000, 0x00000000d8a80000, 0x0000000100000000)
  eden space 31232K, 99% used [0x00000000d5d00000,0x00000000d7b59420,0x00000000d7b80000)
  from space 7168K, 87% used [0x00000000d8380000,0x00000000d89a8000,0x00000000d8a80000)
  to   space 7680K, 0% used [0x00000000d7b80000,0x00000000d7b80000,0x00000000d8300000)
 ParOldGen       total 87552K, used 11145K [0x0000000081600000, 0x0000000086b80000, 0x00000000d5d00000)
  object space 87552K, 12% used [0x0000000081600000,0x00000000820e24b8,0x0000000086b80000)
 Metaspace       used 13352K, capacity 13565K, committed 13696K, reserved 1060864K
  class space    used 1329K, capacity 1385K, committed 1408K, reserved 1048576K
GC Heap History (10 events):
Event: 34.547 GC heap before
{Heap before GC invocations=4 (full 0):
 PSYoungGen      total 38400K, used 38374K [0x00000000d5d00000, 0x00000000d8780000, 0x0000000100000000)
  eden space 33280K, 100% used [0x00000000d5d00000,0x00000000d7d80000,0x00000000d7d80000)
  from space 5120K, 99% used [0x00000000d7d80000,0x00000000d82799a8,0x00000000d8280000)
  to   space 5120K, 0% used [0x00000000d8280000,0x00000000d8280000,0x00000000d8780000)
 ParOldGen       total 87552K, used 4535K [0x0000000081600000, 0x0000000086b80000, 0x00000000d5d00000)
  object space 87552K, 5% used [0x0000000081600000,0x0000000081a6dfd8,0x0000000086b80000)
 Metaspace       used 13343K, capacity 13501K, committed 13696K, reserved 1060864K
  class space    used 1329K, capacity 1385K, committed 1408K, reserved 1048576K
Event: 34.553 GC heap after
Heap after GC invocations=4 (full 0):
 PSYoungGen      total 38400K, used 5094K [0x00000000d5d00000, 0x00000000d8780000, 0x0000000100000000)
  eden space 33280K, 0% used [0x00000000d5d00000,0x00000000d5d00000,0x00000000d7d80000)
  from space 5120K, 99% used [0x00000000d8280000,0x00000000d87799a8,0x00000000d8780000)
  to   space 5120K, 0% used [0x00000000d7d80000,0x00000000d7d80000,0x00000000d8280000)
 ParOldGen       total 87552K, used 6207K [0x0000000081600000, 0x0000000086b80000, 0x00000000d5d00000)
  object space 87552K, 7% used [0x0000000081600000,0x0000000081c0ffd8,0x0000000086b80000)
 Metaspace       used 13343K, capacity 13501K, committed 13696K, reserved 1060864K
  class space    used 1329K, capacity 1385K, committed 1408K, reserved 1048576K
}
Event: 38.713 GC heap before
{Heap before GC invocations=5 (full 0):
 PSYoungGen      total 38400K, used 38374K [0x00000000d5d00000, 0x00000000d8780000, 0x0000000100000000)
  eden space 33280K, 100% used [0x00000000d5d00000,0x00000000d7d80000,0x00000000d7d80000)
  from space 5120K, 99% used [0x00000000d8280000,0x00000000d87799a8,0x00000000d8780000)
  to   space 5120K, 0% used [0x00000000d7d80000,0x00000000d7d80000,0x00000000d8280000)
 ParOldGen       total 87552K, used 6207K [0x0000000081600000, 0x0000000086b80000, 0x00000000d5d00000)
  object space 87552K, 7% used [0x0000000081600000,0x0000000081c0ffd8,0x0000000086b80000)
 Metaspace       used 13352K, capacity 13565K, committed 13696K, reserved 1060864K
  class space    used 1329K, capacity 1385K, committed 1408K, reserved 1048576K
Event: 38.719 GC heap after
Heap after GC invocations=5 (full 0):
 PSYoungGen      total 37888K, used 5112K [0x00000000d5d00000, 0x00000000d8b00000, 0x0000000100000000)
  eden space 32768K, 0% used [0x00000000d5d00000,0x00000000d5d00000,0x00000000d7d00000)
  from space 5120K, 99% used [0x00000000d7d80000,0x00000000d827e118,0x00000000d8280000)
  to   space 7168K, 0% used [0x00000000d8400000,0x00000000d8400000,0x00000000d8b00000)
 ParOldGen       total 87552K, used 7705K [0x0000000081600000, 0x0000000086b80000, 0x00000000d5d00000)
  object space 87552K, 8% used [0x0000000081600000,0x0000000081d865d0,0x0000000086b80000)
 Metaspace       used 13352K, capacity 13565K, committed 13696K, reserved 1060864K
  class space    used 1329K, capacity 1385K, committed 1408K, reserved 1048576K
}
Event: 42.812 GC heap before
{Heap before GC invocations=6 (full 0):
 PSYoungGen      total 37888K, used 37880K [0x00000000d5d00000, 0x00000000d8b00000, 0x0000000100000000)
  eden space 32768K, 100% used [0x00000000d5d00000,0x00000000d7d00000,0x00000000d7d00000)
  from space 5120K, 99% used [0x00000000d7d80000,0x00000000d827e118,0x00000000d8280000)
  to   space 7168K, 0% used [0x00000000d8400000,0x00000000d8400000,0x00000000d8b00000)
 ParOldGen       total 87552K, used 7705K [0x0000000081600000, 0x0000000086b80000, 0x00000000d5d00000)
  object space 87552K, 8% used [0x0000000081600000,0x0000000081d865d0,0x0000000086b80000)
 Metaspace       used 13352K, capacity 13565K, committed 13696K, reserved 1060864K
  class space    used 1329K, capacity 1385K, committed 1408K, reserved 1048576K
Event: 42.818 GC heap after
Heap after GC invocations=6 (full 0):
 PSYoungGen      total 39424K, used 6696K [0x00000000d5d00000, 0x00000000d8b00000, 0x0000000100000000)
  eden space 32256K, 0% used [0x00000000d5d00000,0x00000000d5d00000,0x00000000d7c80000)
  from space 7168K, 93% used [0x00000000d8400000,0x00000000d8a8a128,0x00000000d8b00000)
  to   space 7168K, 0% used [0x00000000d7d00000,0x00000000d7d00000,0x00000000d8400000)
 ParOldGen       total 87552K, used 7705K [0x0000000081600000, 0x0000000086b80000, 0x00000000d5d00000)
  object space 87552K, 8% used [0x0000000081600000,0x0000000081d865d0,0x0000000086b80000)
 Metaspace       used 13352K, capacity 13565K, committed 13696K, reserved 1060864K
  class space    used 1329K, capacity 1385K, committed 1408K, reserved 1048576K
}
Event: 46.845 GC heap before
{Heap before GC invocations=7 (full 0):
 PSYoungGen      total 39424K, used 38952K [0x00000000d5d00000, 0x00000000d8b00000, 0x0000000100000000)
  eden space 32256K, 100% used [0x00000000d5d00000,0x00000000d7c80000,0x00000000d7c80000)
  from space 7168K, 93% used [0x00000000d8400000,0x00000000d8a8a128,0x00000000d8b00000)
  to   space 7168K, 0% used [0x00000000d7d00000,0x00000000d7d00000,0x00000000d8400000)
 ParOldGen       total 87552K, used 7705K [0x0000000081600000, 0x0000000086b80000, 0x00000000d5d00000)
  object space 87552K, 8% used [0x0000000081600000,0x0000000081d865d0,0x0000000086b80000)
 Metaspace       used 13352K, capacity 13565K, committed 13696K, reserved 1060864K
  class space    used 1329K, capacity 1385K, committed 1408K, reserved 1048576K
Event: 46.852 GC heap after
Heap after GC invocations=7 (full 0):
 PSYoungGen      total 37376K, used 5168K [0x00000000d5d00000, 0x00000000d8b00000, 0x0000000100000000)
  eden space 31744K, 0% used [0x00000000d5d00000,0x00000000d5d00000,0x00000000d7c00000)
  from space 5632K, 91% used [0x00000000d7d00000,0x00000000d820c260,0x00000000d8280000)
  to   space 7680K, 0% used [0x00000000d8380000,0x00000000d8380000,0x00000000d8b00000)
 ParOldGen       total 87552K, used 10769K [0x0000000081600000, 0x0000000086b80000, 0x00000000d5d00000)
  object space 87552K, 12% used [0x0000000081600000,0x00000000820844b8,0x0000000086b80000)
 Metaspace       used 13352K, capacity 13565K, committed 13696K, reserved 1060864K
  class space    used 1329K, capacity 1385K, committed 1408K, reserved 1048576K
}
Event: 50.826 GC heap before
{Heap before GC invocations=8 (full 0):
 PSYoungGen      total 37376K, used 36912K [0x00000000d5d00000, 0x00000000d8b00000, 0x0000000100000000)
  eden space 31744K, 100% used [0x00000000d5d00000,0x00000000d7c00000,0x00000000d7c00000)
  from space 5632K, 91% used [0x00000000d7d00000,0x00000000d820c260,0x00000000d8280000)
  to   space 7680K, 0% used [0x00000000d8380000,0x00000000d8380000,0x00000000d8b00000)
 ParOldGen       total 87552K, used 10769K [0x0000000081600000, 0x0000000086b80000, 0x00000000d5d00000)
  object space 87552K, 12% used [0x0000000081600000,0x00000000820844b8,0x0000000086b80000)
 Metaspace       used 13352K, capacity 13565K, committed 13696K, reserved 1060864K
  class space    used 1329K, capacity 1385K, committed 1408K, reserved 1048576K
Event: 50.830 GC heap after
Heap after GC invocations=8 (full 0):
 PSYoungGen      total 38400K, used 6304K [0x00000000d5d00000, 0x00000000d8a80000, 0x0000000100000000)
  eden space 31232K, 0% used [0x00000000d5d00000,0x00000000d5d00000,0x00000000d7b80000)
  from space 7168K, 87% used [0x00000000d8380000,0x00000000d89a8000,0x00000000d8a80000)
  to   space 7680K, 0% used [0x00000000d7b80000,0x00000000d7b80000,0x00000000d8300000)
 ParOldGen       total 87552K, used 11145K [0x0000000081600000, 0x0000000086b80000, 0x00000000d5d00000)
  object space 87552K, 12% used [0x0000000081600000,0x00000000820e24b8,0x0000000086b80000)
 Metaspace       used 13352K, capacity 13565K, committed 13696K, reserved 1060864K
  class space    used 1329K, capacity 1385K, committed 1408K, reserved 1048576K
}

